<?xml version="1.0" encoding="UTF-8" ?>
<testsuites>
  <testsuite errors="0" failures="0" hostname="DESKTOP-6VD7C9P" id="0" name="FreshmanMoveInDayTest" package="com.cjet.academy" skipped="0" tests="3" time="0.014" timestamp="2019-02-11T14:55:19">
      <properties>
[...]
</properties>

      <testcase classname="com.cjet.academy.FreshmanMoveInDayTest" name="testDormroomCheckList" time="0.0" />

      <testcase classname="com.cjet.academy.FreshmanMoveInDayTest" name="testAddPencils" time="0.001" />

      <testcase classname="com.cjet.academy.FreshmanMoveInDayTest" name="testCreateBackpack" time="0.0" />

      <system-out><![CDATA[09:55:19,591 |-INFO in ch.qos.logback.classic.LoggerContext[default] - Could NOT find resource [logback.groovy]
09:55:19,592 |-INFO in ch.qos.logback.classic.LoggerContext[default] - Could NOT find resource [logback-test.xml]
09:55:19,592 |-INFO in ch.qos.logback.classic.LoggerContext[default] - Found resource [logback.xml] at [jar:file:/D:/NewGenTechnologies/workspace/software-quality/SonarQubeCoberturaANT/lib/cobertura-2.1.1.jar!/logback.xml]
09:55:19,605 |-WARN in ch.qos.logback.classic.LoggerContext[default] - Resource [logback.xml] occurs multiple times on the classpath.
09:55:19,605 |-WARN in ch.qos.logback.classic.LoggerContext[default] - Resource [logback.xml] occurs at [jar:file:/D:/NewGenTechnologies/workspace/software-quality/SonarQubeCoberturaANT/lib/cobertura-2.1.1.jar!/logback.xml]
09:55:19,605 |-WARN in ch.qos.logback.classic.LoggerContext[default] - Resource [logback.xml] occurs at [jar:file:/D:/NewGenTechnologies/workspace/software-quality/SonarQubeCoberturaANT/cobertura/cobertura-2.1.1.jar!/logback.xml]
09:55:19,615 |-INFO in ch.qos.logback.core.joran.spi.ConfigurationWatchList@71c7db30 - URL [jar:file:/D:/NewGenTechnologies/workspace/software-quality/SonarQubeCoberturaANT/lib/cobertura-2.1.1.jar!/logback.xml] is not of type file
09:55:19,645 |-INFO in ch.qos.logback.classic.joran.action.ConfigurationAction - debug attribute not set
09:55:19,654 |-INFO in ch.qos.logback.core.joran.action.AppenderAction - About to instantiate appender of type [ch.qos.logback.core.ConsoleAppender]
09:55:19,660 |-INFO in ch.qos.logback.core.joran.action.AppenderAction - Naming appender as [STDOUT]
09:55:19,672 |-INFO in ch.qos.logback.core.joran.action.NestedComplexPropertyIA - Assuming default type [ch.qos.logback.classic.encoder.PatternLayoutEncoder] for [encoder] property
09:55:19,694 |-INFO in ch.qos.logback.classic.joran.action.LoggerAction - Setting level of logger [net.sourceforge.cobertura] to INFO
09:55:19,695 |-INFO in ch.qos.logback.classic.joran.action.RootLoggerAction - Setting level of ROOT logger to DEBUG
09:55:19,695 |-INFO in ch.qos.logback.core.joran.action.AppenderRefAction - Attaching appender named [STDOUT] to Logger[ROOT]
09:55:19,695 |-INFO in ch.qos.logback.classic.joran.action.ConfigurationAction - End of configuration.
09:55:19,695 |-INFO in ch.qos.logback.classic.joran.JoranConfigurator@19bb089b - Registering current configuration as safe fallback point

Inside testDormroomCheckList()
Dorm room move in checklist completed.
Dorm room move in checklist incompleted.
Inside testAddPencils()
Now my backpack contains: [Books, laptop, Pens, Pencils]
Inside testPrepareMyBag()
My school bag contains: [Books, laptop, Pens]
]]></system-out>

      <system-err><![CDATA[]]></system-err>

  </testsuite>
</testsuites>
